INFO:root:Searching: hammer
INFO:root:Total results: 441
INFO:root:Writing to main folder: dataset/hammer
INFO:root:Downloading: 1/1
INFO:root:Searching: pen
INFO:root:Total results: 7823
INFO:root:Writing to main folder: dataset/pen
INFO:root:Downloading: 1/1
INFO:root:Searching: chainsaw
INFO:root:Total results: 81
INFO:root:Writing to main folder: dataset/chainsaw
INFO:root:Downloading: 1/1
INFO:root:Searching: scissor
INFO:root:Total results: 1856
INFO:root:Writing to main folder: dataset/scissor
INFO:root:Downloading: 1/1
INFO:root:Searching: knife
INFO:root:Total results: 6002
INFO:root:Writing to main folder: dataset/knife
INFO:root:Downloading: 1/1
INFO:root:Searching: fork
INFO:root:Total results: 2799
INFO:root:Writing to main folder: dataset/fork
INFO:root:Downloading: 1/1
INFO:root:Searching: spoon
INFO:root:Total results: 4088
INFO:root:Writing to main folder: dataset/spoon
INFO:root:Downloading: 1/1
INFO:root:Searching: chopstick
INFO:root:Total results: 1456
INFO:root:Writing to main folder: dataset/chopstick
INFO:root:Downloading: 1/1
INFO:root:Searching: cup
INFO:root:Total results: 8000
INFO:root:Writing to main folder: dataset/cup
INFO:root:Downloading: 1/1
INFO:root:Searching: bowl
INFO:root:Total results: 8000
INFO:root:Writing to main folder: dataset/bowl
INFO:root:Downloading: 1/1
